<?xml version="1.0" encoding="UTF-8"?>
<testsuite xmlns:xsi="http://www.w3.org/2001/XMLSchema-instance" xsi:noNamespaceSchemaLocation="https://maven.apache.org/surefire/maven-surefire-plugin/xsd/surefire-test-report-3.0.xsd" version="3.0" name="com.example.RunCucumberTest" time="3.822" tests="1" errors="0" skipped="0" failures="0">
  <properties>
[...]
</properties>
  <testcase name="Testing simple operation is easy!" classname="Validate simple operations" time="3.52">
    <system-out><![CDATA[13:57:54.815 [main] DEBUG org.springframework.test.context.BootstrapUtils - Instantiating CacheAwareContextLoaderDelegate from class [org.springframework.test.context.cache.DefaultCacheAwareContextLoaderDelegate]
13:57:54.829 [main] DEBUG org.springframework.test.context.BootstrapUtils - Instantiating BootstrapContext using constructor [public org.springframework.test.context.support.DefaultBootstrapContext(java.lang.Class,org.springframework.test.context.CacheAwareContextLoaderDelegate)]
13:57:54.867 [main] DEBUG org.springframework.test.context.BootstrapUtils - Instantiating TestContextBootstrapper for test class [com.example.steps.MathResolverSteps] from class [org.springframework.boot.test.context.SpringBootTestContextBootstrapper]
13:57:54.878 [main] INFO org.springframework.boot.test.context.SpringBootTestContextBootstrapper - Neither @ContextConfiguration nor @ContextHierarchy found for test class [com.example.steps.MathResolverSteps], using SpringBootContextLoader
13:57:54.882 [main] DEBUG org.springframework.test.context.support.AbstractContextLoader - Did not detect default resource location for test class [com.example.steps.MathResolverSteps]: class path resource [com/example/steps/MathResolverSteps-context.xml] does not exist
13:57:54.882 [main] DEBUG org.springframework.test.context.support.AbstractContextLoader - Did not detect default resource location for test class [com.example.steps.MathResolverSteps]: class path resource [com/example/steps/MathResolverStepsContext.groovy] does not exist
13:57:54.883 [main] INFO org.springframework.test.context.support.AbstractContextLoader - Could not detect default resource locations for test class [com.example.steps.MathResolverSteps]: no resource found for suffixes {-context.xml, Context.groovy}.
13:57:54.883 [main] INFO org.springframework.test.context.support.AnnotationConfigContextLoaderUtils - Could not detect default configuration classes for test class [com.example.steps.MathResolverSteps]: MathResolverSteps does not declare any static, non-private, non-final, nested classes annotated with @Configuration.
13:57:54.949 [main] DEBUG org.springframework.test.context.support.ActiveProfilesUtils - Could not find an 'annotation declaring class' for annotation type [org.springframework.test.context.ActiveProfiles] and class [com.example.steps.MathResolverSteps]
13:57:55.021 [main] DEBUG org.springframework.context.annotation.ClassPathScanningCandidateComponentProvider - Identified candidate component class: file [C:\repository\calculator-tester\target\test-classes\com\example\BehaviorTesterApp.class]
13:57:55.024 [main] INFO org.springframework.boot.test.context.SpringBootTestContextBootstrapper - Found @SpringBootConfiguration com.example.BehaviorTesterApp for test class com.example.steps.MathResolverSteps
13:57:55.134 [main] DEBUG org.springframework.boot.test.context.SpringBootTestContextBootstrapper - @TestExecutionListeners is not present for class [com.example.steps.MathResolverSteps]: using defaults.
13:57:55.134 [main] INFO org.springframework.boot.test.context.SpringBootTestContextBootstrapper - Loaded default TestExecutionListener class names from location [META-INF/spring.factories]: [org.springframework.boot.test.mock.mockito.MockitoTestExecutionListener, org.springframework.boot.test.mock.mockito.ResetMocksTestExecutionListener, org.springframework.boot.test.autoconfigure.restdocs.RestDocsTestExecutionListener, org.springframework.boot.test.autoconfigure.web.client.MockRestServiceServerResetTestExecutionListener, org.springframework.boot.test.autoconfigure.web.servlet.MockMvcPrintOnlyOnFailureTestExecutionListener, org.springframework.boot.test.autoconfigure.web.servlet.WebDriverTestExecutionListener, org.springframework.boot.test.autoconfigure.webservices.client.MockWebServiceServerTestExecutionListener, org.springframework.test.context.web.ServletTestExecutionListener, org.springframework.test.context.support.DirtiesContextBeforeModesTestExecutionListener, org.springframework.test.context.event.ApplicationEventsTestExecutionListener, org.springframework.test.context.support.DependencyInjectionTestExecutionListener, org.springframework.test.context.support.DirtiesContextTestExecutionListener, org.springframework.test.context.transaction.TransactionalTestExecutionListener, org.springframework.test.context.jdbc.SqlScriptsTestExecutionListener, org.springframework.test.context.event.EventPublishingTestExecutionListener]
13:57:55.143 [main] DEBUG org.springframework.boot.test.context.SpringBootTestContextBootstrapper - Skipping candidate TestExecutionListener [org.springframework.test.context.web.ServletTestExecutionListener] due to a missing dependency. Specify custom listener classes or make the default listener classes and their required dependencies available. Offending class: [javax/servlet/ServletContext]
13:57:55.144 [main] DEBUG org.springframework.boot.test.context.SpringBootTestContextBootstrapper - Skipping candidate TestExecutionListener [org.springframework.test.context.transaction.TransactionalTestExecutionListener] due to a missing dependency. Specify custom listener classes or make the default listener classes and their required dependencies available. Offending class: [org/springframework/transaction/interceptor/TransactionAttributeSource]
13:57:55.145 [main] DEBUG org.springframework.boot.test.context.SpringBootTestContextBootstrapper - Skipping candidate TestExecutionListener [org.springframework.test.context.jdbc.SqlScriptsTestExecutionListener] due to a missing dependency. Specify custom listener classes or make the default listener classes and their required dependencies available. Offending class: [org/springframework/transaction/interceptor/TransactionAttribute]
13:57:55.145 [main] INFO org.springframework.boot.test.context.SpringBootTestContextBootstrapper - Using TestExecutionListeners: [org.springframework.test.context.support.DirtiesContextBeforeModesTestExecutionListener@1849db1a, org.springframework.test.context.event.ApplicationEventsTestExecutionListener@69c79f09, org.springframework.boot.test.mock.mockito.MockitoTestExecutionListener@1ca25c47, org.springframework.boot.test.autoconfigure.SpringBootDependencyInjectionTestExecutionListener@5fcacc0, org.springframework.test.context.support.DirtiesContextTestExecutionListener@533b266e, org.springframework.test.context.event.EventPublishingTestExecutionListener@6d1d4d7, org.springframework.boot.test.mock.mockito.ResetMocksTestExecutionListener@89ff02e, org.springframework.boot.test.autoconfigure.restdocs.RestDocsTestExecutionListener@6865c751, org.springframework.boot.test.autoconfigure.web.client.MockRestServiceServerResetTestExecutionListener@62679465, org.springframework.boot.test.autoconfigure.web.servlet.MockMvcPrintOnlyOnFailureTestExecutionListener@6a988392, org.springframework.boot.test.autoconfigure.web.servlet.WebDriverTestExecutionListener@1d71006f, org.springframework.boot.test.autoconfigure.webservices.client.MockWebServiceServerTestExecutionListener@5b6813df]

  .   ____          _            __ _ _
 /\\ / ___'_ __ _ _(_)_ __  __ _ \ \ \ \
( ( )\___ | '_ | '_| | '_ \/ _` | \ \ \ \
 \\/  ___)| |_)| | | | | || (_| |  ) ) ) )
  '  |____| .__|_| |_|_| |_\__, | / / / /
 =========|_|==============|___/=/_/_/_/
 :: Spring Boot ::                (v2.6.6)

2022-04-20 13:57:55.458  INFO 13976 --- [           main] com.example.steps.MathResolverSteps      : Starting MathResolverSteps using Java 17.0.1 on osp3651 with PID 13976 (started by RPATINO in C:\repository\calculator-tester)
2022-04-20 13:57:55.460  INFO 13976 --- [           main] com.example.steps.MathResolverSteps      : No active profile set, falling back to 1 default profile: "default"
2022-04-20 13:57:57.109  INFO 13976 --- [           main] com.example.steps.MathResolverSteps      : Started MathResolverSteps in 1.93 seconds (JVM running for 3.53)

Scenario: Testing simple operation is easy! &amp#27;[90m# features/simple_operations.feature:3&amp#27;[0m
  &amp#27;[32mGiven &amp#27;[0m&amp#27;[32mthe math operation &amp#27;[0m&amp#27;[32m&amp#27;[1m"1+1"&amp#27;[0m            &amp#27;[90m# com.example.steps.MathResolverSteps.prepareMathOperation(java.lang.String)&amp#27;[0m
  &amp#27;[32mWhen &amp#27;[0m&amp#27;[32mresolving the operation&amp#27;[0m              &amp#27;[90m# com.example.steps.MathResolverSteps.resolveUsingServiceCall()&amp#27;[0m
  &amp#27;[32mThen &amp#27;[0m&amp#27;[32mthe result must be &amp#27;[0m&amp#27;[32m&amp#27;[1m"2.0"&amp#27;[0m             &amp#27;[90m# com.example.steps.MathResolverSteps.the_result_must_be(java.lang.String)&amp#27;[0m
]]></system-out>
  </testcase>
</testsuite>